<?xml version="1.0" encoding="UTF-8"?>
<testsuite name="org.example.AppTest" tests="1" skipped="0" failures="0" errors="0" timestamp="2025-06-09T16:53:20.641Z" hostname="fedora" time="0.024">
  <properties/>
  <testcase name="appHasAGreeting()" classname="org.example.AppTest" time="0.024"/>
  <system-out><![CDATA[]]></system-out>
  <system-err><![CDATA[]]></system-err>
</testsuite>
